2024-11-06 19:57:01,273 - INFO - Creating stats...
2024-11-06 19:57:01,274 - INFO - Starting data processing
2024-11-06 19:57:01,274 - INFO - Step 1 - Reading data from datapath
2024-11-06 19:57:01,274 - INFO - Reading data...
2024-11-06 19:57:02,636 - INFO - Time taken to read data from datapath: 1.36 seconds
2024-11-06 19:57:02,637 - INFO - Step 2 - Filter out radius
2024-11-06 19:57:02,637 - INFO - Dropping unnecessary columns...
2024-11-06 19:57:02,698 - INFO - Time taken to drop radius column: 0.06 seconds
2024-11-06 19:57:02,698 - INFO - Step 3 - Fetching and including team and player names
2024-11-06 19:57:02,698 - INFO - Finding unique team IDs...
2024-11-06 19:57:02,709 - INFO - Unique team IDs found: [        -1 1610612737 1610612765]
2024-11-06 19:57:02,710 - INFO - Loading team data...
2024-11-06 19:57:02,757 - INFO - Dropping rows with missing team names...
2024-11-06 19:57:02,897 - INFO - Finding unique player IDs...
2024-11-06 19:57:02,909 - INFO - Unique player IDs found: [     -1    2594  200794  201143  201952  203145  101141  202704  202694
  203484  203083  200757  201168  203934  203471 1626169    2581  203382
  203488  201975  203118]
2024-11-06 19:57:02,909 - INFO - Loading player data...
2024-11-06 19:57:02,989 - INFO - Dropping rows with missing player names...
2024-11-06 19:57:03,179 - INFO - Successfully found team and player data.
2024-11-06 19:57:03,179 - INFO - Time taken to fetch and include team and player data: 0.48 seconds
2024-11-06 19:57:03,179 - INFO - Step 4 - Find start of game and slice database
2024-11-06 19:57:03,179 - INFO - Finding first player ID...
2024-11-06 19:57:03,302 - INFO - First valid player ID: 2594
2024-11-06 19:57:03,302 - INFO - Determining start of game...
2024-11-06 19:57:03,305 - INFO - Decrease found at index: 385, shot_clock value: 23.98
2024-11-06 19:57:03,305 - INFO - Slicing DataFrame from index: 385
2024-11-06 19:57:03,317 - INFO - Successfully found game start.
2024-11-06 19:57:03,317 - INFO - Time taken to find start of game and slice database: 0.14 seconds
2024-11-06 19:57:03,318 - INFO - Step 5 - Downsampling data
2024-11-06 19:57:03,318 - INFO - Downsampling...
2024-11-06 19:57:09,106 - INFO - Dropping null values...
2024-11-06 19:57:09,226 - INFO - Successfully downsampled data by factor of 2.
2024-11-06 19:57:09,454 - INFO - Time taken to downsample data: 6.14 seconds
2024-11-06 19:57:09,454 - INFO - Step 6 - Calculate trajectories
2024-11-06 19:57:09,454 - INFO - Calculating trajectories...
2024-11-06 19:57:09,536 - INFO - Successfully calculated trajectory data.
2024-11-06 19:57:09,536 - INFO - Time taken to calculate: 0.08 seconds
2024-11-06 19:57:09,713 - INFO - Finished data processing
2024-11-06 19:57:09,713 - INFO - Filtering DataFrame for the specified team...
2024-11-06 19:57:09,837 - INFO - Time taken to gather all possessions: 8.56 seconds
2024-11-06 19:57:09,838 - INFO - Finished gathering full possessions data
