2024-11-06 19:55:49,867 - INFO - Creating stats...
2024-11-06 19:55:49,867 - INFO - Starting data processing
2024-11-06 19:55:49,867 - INFO - Step 1 - Reading data from datapath
2024-11-06 19:55:49,867 - INFO - Reading data...
2024-11-06 19:55:51,234 - INFO - Time taken to read data from datapath: 1.37 seconds
2024-11-06 19:55:51,234 - INFO - Step 2 - Filter out radius
2024-11-06 19:55:51,234 - INFO - Dropping unnecessary columns...
2024-11-06 19:55:51,302 - INFO - Time taken to drop radius column: 0.07 seconds
2024-11-06 19:55:51,303 - INFO - Step 3 - Fetching and including team and player names
2024-11-06 19:55:51,303 - INFO - Finding unique team IDs...
2024-11-06 19:55:51,314 - INFO - Unique team IDs found: [        -1 1610612737 1610612765]
2024-11-06 19:55:51,314 - INFO - Loading team data...
2024-11-06 19:55:51,371 - INFO - Dropping rows with missing team names...
2024-11-06 19:55:51,514 - INFO - Finding unique player IDs...
2024-11-06 19:55:51,525 - INFO - Unique player IDs found: [     -1    2594  200794  201143  201952  203145  101141  202704  202694
  203484  203083  200757  201168  203934  203471 1626169    2581  203382
  203488  201975  203118]
2024-11-06 19:55:51,526 - INFO - Loading player data...
2024-11-06 19:55:51,619 - INFO - Dropping rows with missing player names...
2024-11-06 19:55:51,812 - INFO - Successfully found team and player data.
2024-11-06 19:55:51,813 - INFO - Time taken to fetch and include team and player data: 0.51 seconds
2024-11-06 19:55:51,813 - INFO - Step 4 - Find start of game and slice database
2024-11-06 19:55:51,813 - INFO - Finding first player ID...
2024-11-06 19:55:51,939 - INFO - First valid player ID: 2594
2024-11-06 19:55:51,939 - INFO - Determining start of game...
2024-11-06 19:55:51,942 - INFO - Decrease found at index: 385, shot_clock value: 23.98
2024-11-06 19:55:51,942 - INFO - Slicing DataFrame from index: 385
2024-11-06 19:55:51,956 - INFO - Successfully found game start.
2024-11-06 19:55:51,956 - INFO - Time taken to find start of game and slice database: 0.14 seconds
2024-11-06 19:55:51,956 - INFO - Step 5 - Downsampling data
2024-11-06 19:55:51,956 - INFO - Downsampling...
2024-11-06 19:55:57,657 - INFO - Dropping null values...
2024-11-06 19:55:57,777 - INFO - Successfully downsampled data by factor of 2.
2024-11-06 19:55:58,003 - INFO - Time taken to downsample data: 6.05 seconds
2024-11-06 19:55:58,003 - INFO - Step 6 - Calculate trajectories
2024-11-06 19:55:58,004 - INFO - Calculating trajectories...
2024-11-06 19:55:58,083 - INFO - Successfully calculated trajectory data.
2024-11-06 19:55:58,083 - INFO - Time taken to calculate: 0.08 seconds
2024-11-06 19:55:58,251 - INFO - Finished data processing
2024-11-06 19:55:58,251 - INFO - Filtering DataFrame for the specified team...
2024-11-06 19:55:58,366 - INFO - Determining offensive possession...
2024-11-06 19:56:19,080 - INFO - Time taken to gather offensive positions: 29.21 seconds
2024-11-06 19:56:19,080 - INFO - Finished gathering offensive positions data
